Date: Sun May  3 18:56:16 2020
Error: signal 11
[bt]: (0) xournalpp(+0x1978ba) [0x55b4ef9998ba]
[bt]: (1) /lib/x86_64-linux-gnu/libc.so.6(+0x46210) [0x7fbe7671f210]
[bt]: (2) xournalpp(_ZN20AbstractInputHandler5blockEb+0x4) [0x55b4ef9508c4]
[bt]: (3) xournalpp(_ZN12InputContext13unblockDeviceENS_10DeviceTypeE+0x4b) [0x55b4ef9515ab]
[bt]: (4) xournalpp(_ZN15HandRecognition11enableTouchEv+0x1b) [0x55b4ef950bcb]
[bt]: (5) xournalpp(_ZN15HandRecognitionD2Ev+0x35) [0x55b4ef950c25]
[bt]: (6) xournalpp(_ZN15HandRecognitionD0Ev+0xd) [0x55b4ef950c3d]
[bt]: (7) xournalpp(_ZN11XournalViewD1Ev+0xab) [0x55b4ef93522b]
[bt]: (8) xournalpp(_ZN11XournalViewD0Ev+0xd) [0x55b4ef93527d]
[bt]: (9) xournalpp(_ZN10MainWindowD2Ev+0x92) [0x55b4ef924c22]
[bt]: (10) xournalpp(_ZN10MainWindowD0Ev+0xd) [0x55b4ef924c8d]
[bt]: (11) xournalpp(_ZN11XournalMain3runEiPPc+0xd0f) [0x55b4ef8c79af]
[bt]: (12) xournalpp(main+0x37) [0x55b4ef8a7ad7]
[bt]: (13) /lib/x86_64-linux-gnu/libc.so.6(__libc_start_main+0xf3) [0x7fbe767000b3]
[bt]: (14) xournalpp(_start+0x2e) [0x55b4ef8a80de]


Try to get a better stracktrace...
[bt] #1 xournalpp(+0x197d14) [0x55b4ef999d14]
??:0
[bt] #2 /lib/x86_64-linux-gnu/libc.so.6(+0x46210) [0x7fbe7671f210]
??:0
[bt] #3 xournalpp(_ZN20AbstractInputHandler5blockEb+0x4) [0x55b4ef9508c4]
??:0
[bt] #4 xournalpp(_ZN12InputContext13unblockDeviceENS_10DeviceTypeE+0x4b) [0x55b4ef9515ab]
??:0
[bt] #5 xournalpp(_ZN15HandRecognition11enableTouchEv+0x1b) [0x55b4ef950bcb]
??:0
[bt] #6 xournalpp(_ZN15HandRecognitionD2Ev+0x35) [0x55b4ef950c25]
??:0
[bt] #7 xournalpp(_ZN15HandRecognitionD0Ev+0xd) [0x55b4ef950c3d]
??:0
[bt] #8 xournalpp(_ZN11XournalViewD1Ev+0xab) [0x55b4ef93522b]
??:0
[bt] #9 xournalpp(_ZN11XournalViewD0Ev+0xd) [0x55b4ef93527d]
??:0
[bt] #10 xournalpp(_ZN10MainWindowD2Ev+0x92) [0x55b4ef924c22]
??:0
[bt] #11 xournalpp(_ZN10MainWindowD0Ev+0xd) [0x55b4ef924c8d]
??:0
[bt] #12 xournalpp(_ZN11XournalMain3runEiPPc+0xd0f) [0x55b4ef8c79af]
??:0
[bt] #13 xournalpp(main+0x37) [0x55b4ef8a7ad7]
??:0
[bt] #14 /lib/x86_64-linux-gnu/libc.so.6(__libc_start_main+0xf3) [0x7fbe767000b3]
??:0
[bt] #15 xournalpp(_start+0x2e) [0x55b4ef8a80de]
??:0
